<?xml version="1.0" encoding="UTF-8"?>
<testsuite name="com.example.api.application.usecase.CreateUserUseCaseTest" tests="2" skipped="0" failures="0" errors="0" timestamp="2025-06-08T09:19:44" hostname="DESKTOP-7EE87N6" time="1.926">
  <properties/>
  <testcase name="should create user when email is unique()" classname="com.example.api.application.usecase.CreateUserUseCaseTest" time="1.842"/>
  <testcase name="should throw exception when email already exists()" classname="com.example.api.application.usecase.CreateUserUseCaseTest" time="0.054"/>
  <system-out><![CDATA[]]></system-out>
  <system-err><![CDATA[]]></system-err>
</testsuite>
